<?xml version="1.0" encoding="UTF-8"?>
<testsuite xmlns:xsi="http://www.w3.org/2001/XMLSchema-instance" xsi:noNamespaceSchemaLocation="https://maven.apache.org/surefire/maven-surefire-plugin/xsd/surefire-test-report.xsd" name="org.opendaylight.netconf.util.messages.SubtreeFilterNotificationTest" time="0.31" tests="5" errors="0" skipped="0" failures="0">
  <properties>
    <property name="sun.desktop" value="gnome"/>
    <property name="awt.toolkit" value="sun.awt.X11.XToolkit"/>
    <property name="file.encoding.pkg" value="sun.io"/>
    <property name="java.specification.version" value="1.8"/>
    <property name="sun.cpu.isalist" value=""/>
    <property name="sun.jnu.encoding" value="UTF-8"/>
    <property name="java.class.path" value="/home/pietro/Desktop/netconf_stuff/java/netconf/netconf/netconf-util/target/test-classes:/home/pietro/Desktop/netconf_stuff/java/netconf/netconf/netconf-util/target/classes:/home/pietro/.m2/repository/org/opendaylight/netconf/netconf-api/1.7.0/netconf-api-1.7.0.jar:/home/pietro/.m2/repository/io/netty/netty-transport/4.1.36.Final/netty-transport-4.1.36.Final.jar:/home/pietro/.m2/repository/io/netty/netty-resolver/4.1.36.Final/netty-resolver-4.1.36.Final.jar:/home/pietro/.m2/repository/org/opendaylight/netconf/ietf-netconf-monitoring/1.7.0/ietf-netconf-monitoring-1.7.0.jar:/home/pietro/.m2/repository/org/opendaylight/netconf/ietf-netconf-monitoring-extension/1.7.0/ietf-netconf-monitoring-extension-1.7.0.jar:/home/pietro/.m2/repository/org/opendaylight/mdsal/binding/model/ietf/rfc6991/2.0.4/rfc6991-2.0.4.jar:/home/pietro/.m2/repository/org/opendaylight/mdsal/binding/model/ietf/rfc6991-ietf-inet-types/2.0.4/rfc6991-ietf-inet-types-2.0.4.jar:/home/pietro/.m2/repository/org/opendaylight/mdsal/model/ietf-type-util/3.0.4/ietf-type-util-3.0.4.jar:/home/pietro/.m2/repository/org/opendaylight/mdsal/binding/model/ietf/rfc6991-ietf-yang-types/2.0.4/rfc6991-ietf-yang-types-2.0.4.jar:/home/pietro/.m2/repository/org/opendaylight/netconf/netconf-mapping-api/1.7.0/netconf-mapping-api-1.7.0.jar:/home/pietro/.m2/repository/com/google/guava/guava/27.1-jre/guava-27.1-jre.jar:/home/pietro/.m2/repository/com/google/guava/failureaccess/1.0.1/failureaccess-1.0.1.jar:/home/pietro/.m2/repository/com/google/guava/listenablefuture/9999.0-empty-to-avoid-conflict-with-guava/listenablefuture-9999.0-empty-to-avoid-conflict-with-guava.jar:/home/pietro/.m2/repository/org/checkerframework/checker-qual/2.5.8/checker-qual-2.5.8.jar:/home/pietro/.m2/repository/com/google/errorprone/error_prone_annotations/2.3.3/error_prone_annotations-2.3.3.jar:/home/pietro/.m2/repository/com/google/j2objc/j2objc-annotations/1.1/j2objc-annotations-1.1.jar:/home/pietro/.m2/repository/org/codehaus/mojo/animal-sniffer-annotations/1.17/animal-sniffer-annotations-1.17.jar:/home/pietro/.m2/repository/io/netty/netty-handler/4.1.36.Final/netty-handler-4.1.36.Final.jar:/home/pietro/.m2/repository/io/netty/netty-common/4.1.36.Final/netty-common-4.1.36.Final.jar:/home/pietro/.m2/repository/io/netty/netty-buffer/4.1.36.Final/netty-buffer-4.1.36.Final.jar:/home/pietro/.m2/repository/io/netty/netty-codec/4.1.36.Final/netty-codec-4.1.36.Final.jar:/home/pietro/.m2/repository/org/slf4j/slf4j-api/1.7.25/slf4j-api-1.7.25.jar:/home/pietro/.m2/repository/org/xmlunit/xmlunit-legacy/2.6.3/xmlunit-legacy-2.6.3.jar:/home/pietro/.m2/repository/org/xmlunit/xmlunit-core/2.6.3/xmlunit-core-2.6.3.jar:/home/pietro/.m2/repository/org/opendaylight/mdsal/mdsal-binding-generator-impl/2.0.4/mdsal-binding-generator-impl-2.0.4.jar:/home/pietro/.m2/repository/org/javassist/javassist/3.24.1-GA/javassist-3.24.1-GA.jar:/home/pietro/.m2/repository/org/opendaylight/yangtools/yang-parser-impl/3.0.4/yang-parser-impl-3.0.4.jar:/home/pietro/.m2/repository/org/opendaylight/yangtools/yang-parser-api/3.0.4/yang-parser-api-3.0.4.jar:/home/pietro/.m2/repository/org/opendaylight/yangtools/yang-parser-reactor/3.0.4/yang-parser-reactor-3.0.4.jar:/home/pietro/.m2/repository/org/opendaylight/yangtools/yang-parser-spi/3.0.4/yang-parser-spi-3.0.4.jar:/home/pietro/.m2/repository/org/opendaylight/yangtools/yang-parser-rfc7950/3.0.4/yang-parser-rfc7950-3.0.4.jar:/home/pietro/.m2/repository/org/opendaylight/yangtools/odlext-model-api/3.0.4/odlext-model-api-3.0.4.jar:/home/pietro/.m2/repository/org/opendaylight/yangtools/odlext-parser-support/3.0.4/odlext-parser-support-3.0.4.jar:/home/pietro/.m2/repository/org/opendaylight/yangtools/openconfig-model-api/3.0.4/openconfig-model-api-3.0.4.jar:/home/pietro/.m2/repository/org/opendaylight/yangtools/openconfig-parser-support/3.0.4/openconfig-parser-support-3.0.4.jar:/home/pietro/.m2/repository/org/opendaylight/yangtools/rfc6241-model-api/1.0.4/rfc6241-model-api-1.0.4.jar:/home/pietro/.m2/repository/org/opendaylight/yangtools/rfc6241-parser-support/1.0.4/rfc6241-parser-support-1.0.4.jar:/home/pietro/.m2/repository/org/opendaylight/yangtools/rfc6536-model-api/3.0.4/rfc6536-model-api-3.0.4.jar:/home/pietro/.m2/repository/org/opendaylight/yangtools/rfc6536-parser-support/3.0.4/rfc6536-parser-support-3.0.4.jar:/home/pietro/.m2/repository/org/opendaylight/yangtools/rfc7952-model-api/3.0.4/rfc7952-model-api-3.0.4.jar:/home/pietro/.m2/repository/org/opendaylight/yangtools/rfc7952-parser-support/3.0.4/rfc7952-parser-support-3.0.4.jar:/home/pietro/.m2/repository/org/opendaylight/yangtools/rfc8040-model-api/3.0.4/rfc8040-model-api-3.0.4.jar:/home/pietro/.m2/repository/org/opendaylight/yangtools/rfc8040-parser-support/3.0.4/rfc8040-parser-support-3.0.4.jar:/home/pietro/.m2/repository/org/opendaylight/yangtools/rfc8528-model-api/3.0.4/rfc8528-model-api-3.0.4.jar:/home/pietro/.m2/repository/org/opendaylight/yangtools/rfc8528-parser-support/3.0.4/rfc8528-parser-support-3.0.4.jar:/home/pietro/.m2/repository/org/opendaylight/mdsal/mdsal-binding-generator-api/2.0.4/mdsal-binding-generator-api-2.0.4.jar:/home/pietro/.m2/repository/org/opendaylight/mdsal/yang-binding/2.0.4/yang-binding-2.0.4.jar:/home/pietro/.m2/repository/org/opendaylight/mdsal/mdsal-binding-generator-util/2.0.4/mdsal-binding-generator-util-2.0.4.jar:/home/pietro/.m2/repository/org/opendaylight/mdsal/mdsal-binding-spec-util/2.0.4/mdsal-binding-spec-util-2.0.4.jar:/home/pietro/.m2/repository/org/opendaylight/yangtools/mockito-configuration/3.0.4/mockito-configuration-3.0.4.jar:/home/pietro/.m2/repository/org/opendaylight/yangtools/yang-model-api/3.0.4/yang-model-api-3.0.4.jar:/home/pietro/.m2/repository/org/opendaylight/yangtools/util/3.0.4/util-3.0.4.jar:/home/pietro/.m2/repository/tech/pantheon/triemap/triemap/1.0.5/triemap-1.0.5.jar:/home/pietro/.m2/repository/org/opendaylight/yangtools/yang-common/3.0.4/yang-common-3.0.4.jar:/home/pietro/.m2/repository/org/opendaylight/yangtools/yang-xpath-api/1.0.4/yang-xpath-api-1.0.4.jar:/home/pietro/.m2/repository/org/opendaylight/yangtools/yang-data-api/3.0.4/yang-data-api-3.0.4.jar:/home/pietro/.m2/repository/org/opendaylight/yangtools/concepts/3.0.4/concepts-3.0.4.jar:/home/pietro/.m2/repository/org/opendaylight/yangtools/yang-data-impl/3.0.4/yang-data-impl-3.0.4.jar:/home/pietro/.m2/repository/org/opendaylight/yangtools/yang-data-util/3.0.4/yang-data-util-3.0.4.jar:/home/pietro/.m2/repository/org/opendaylight/yangtools/rfc8528-data-api/3.0.4/rfc8528-data-api-3.0.4.jar:/home/pietro/.m2/repository/org/opendaylight/yangtools/yang-model-util/3.0.4/yang-model-util-3.0.4.jar:/home/pietro/.m2/repository/org/opendaylight/yangtools/rfc7952-data-util/3.0.4/rfc7952-data-util-3.0.4.jar:/home/pietro/.m2/repository/org/opendaylight/yangtools/rfc8528-data-util/3.0.4/rfc8528-data-util-3.0.4.jar:/home/pietro/.m2/repository/org/antlr/antlr4-runtime/4.7.2/antlr4-runtime-4.7.2.jar:/home/pietro/.m2/repository/javax/xml/bind/jaxb-api/2.2.8/jaxb-api-2.2.8.jar:/home/pietro/.m2/repository/org/opendaylight/yangtools/yang-data-codec-xml/3.0.4/yang-data-codec-xml-3.0.4.jar:/home/pietro/.m2/repository/org/codehaus/woodstox/stax2-api/3.1.4/stax2-api-3.1.4.jar:/home/pietro/.m2/repository/org/opendaylight/yangtools/rfc7952-data-api/3.0.4/rfc7952-data-api-3.0.4.jar:/home/pietro/.m2/repository/org/osgi/org.osgi.compendium/5.0.0/org.osgi.compendium-5.0.0.jar:/home/pietro/.m2/repository/org/eclipse/jdt/org.eclipse.jdt.annotation/2.2.100/org.eclipse.jdt.annotation-2.2.100.jar:/home/pietro/.m2/repository/com/github/spotbugs/spotbugs-annotations/3.1.12/spotbugs-annotations-3.1.12.jar:/home/pietro/.m2/repository/org/slf4j/slf4j-simple/1.7.25/slf4j-simple-1.7.25.jar:/home/pietro/.m2/repository/org/hamcrest/hamcrest/2.1/hamcrest-2.1.jar:/home/pietro/.m2/repository/org/hamcrest/hamcrest-library/2.1/hamcrest-library-2.1.jar:/home/pietro/.m2/repository/org/hamcrest/hamcrest-core/2.1/hamcrest-core-2.1.jar:/home/pietro/.m2/repository/junit/junit/4.11/junit-4.11.jar:/home/pietro/.m2/repository/org/mockito/mockito-core/2.25.1/mockito-core-2.25.1.jar:/home/pietro/.m2/repository/net/bytebuddy/byte-buddy/1.9.7/byte-buddy-1.9.7.jar:/home/pietro/.m2/repository/net/bytebuddy/byte-buddy-agent/1.9.7/byte-buddy-agent-1.9.7.jar:/home/pietro/.m2/repository/org/objenesis/objenesis/2.6/objenesis-2.6.jar:"/>
    <property name="java.vm.vendor" value="Private Build"/>
    <property name="sun.arch.data.model" value="64"/>
    <property name="java.vendor.url" value="http://java.oracle.com/"/>
    <property name="user.timezone" value=""/>
    <property name="java.vm.specification.version" value="1.8"/>
    <property name="os.name" value="Linux"/>
    <property name="user.country" value="US"/>
    <property name="sun.java.launcher" value="SUN_STANDARD"/>
    <property name="sun.boot.library.path" value="/usr/lib/jvm/java-8-openjdk-amd64/jre/lib/amd64"/>
    <property name="sun.java.command" value="/home/pietro/Desktop/netconf_stuff/java/netconf/netconf/netconf-util/target/surefire/surefirebooter7739559700253197735.jar /home/pietro/Desktop/netconf_stuff/java/netconf/netconf/netconf-util/target/surefire 2020-02-19T14-32-50_833-jvmRun1 surefire1647061431649982375tmp surefire_0563738615367417370tmp"/>
    <property name="surefire.test.class.path" value="/home/pietro/Desktop/netconf_stuff/java/netconf/netconf/netconf-util/target/test-classes:/home/pietro/Desktop/netconf_stuff/java/netconf/netconf/netconf-util/target/classes:/home/pietro/.m2/repository/org/opendaylight/netconf/netconf-api/1.7.0/netconf-api-1.7.0.jar:/home/pietro/.m2/repository/io/netty/netty-transport/4.1.36.Final/netty-transport-4.1.36.Final.jar:/home/pietro/.m2/repository/io/netty/netty-resolver/4.1.36.Final/netty-resolver-4.1.36.Final.jar:/home/pietro/.m2/repository/org/opendaylight/netconf/ietf-netconf-monitoring/1.7.0/ietf-netconf-monitoring-1.7.0.jar:/home/pietro/.m2/repository/org/opendaylight/netconf/ietf-netconf-monitoring-extension/1.7.0/ietf-netconf-monitoring-extension-1.7.0.jar:/home/pietro/.m2/repository/org/opendaylight/mdsal/binding/model/ietf/rfc6991/2.0.4/rfc6991-2.0.4.jar:/home/pietro/.m2/repository/org/opendaylight/mdsal/binding/model/ietf/rfc6991-ietf-inet-types/2.0.4/rfc6991-ietf-inet-types-2.0.4.jar:/home/pietro/.m2/repository/org/opendaylight/mdsal/model/ietf-type-util/3.0.4/ietf-type-util-3.0.4.jar:/home/pietro/.m2/repository/org/opendaylight/mdsal/binding/model/ietf/rfc6991-ietf-yang-types/2.0.4/rfc6991-ietf-yang-types-2.0.4.jar:/home/pietro/.m2/repository/org/opendaylight/netconf/netconf-mapping-api/1.7.0/netconf-mapping-api-1.7.0.jar:/home/pietro/.m2/repository/com/google/guava/guava/27.1-jre/guava-27.1-jre.jar:/home/pietro/.m2/repository/com/google/guava/failureaccess/1.0.1/failureaccess-1.0.1.jar:/home/pietro/.m2/repository/com/google/guava/listenablefuture/9999.0-empty-to-avoid-conflict-with-guava/listenablefuture-9999.0-empty-to-avoid-conflict-with-guava.jar:/home/pietro/.m2/repository/org/checkerframework/checker-qual/2.5.8/checker-qual-2.5.8.jar:/home/pietro/.m2/repository/com/google/errorprone/error_prone_annotations/2.3.3/error_prone_annotations-2.3.3.jar:/home/pietro/.m2/repository/com/google/j2objc/j2objc-annotations/1.1/j2objc-annotations-1.1.jar:/home/pietro/.m2/repository/org/codehaus/mojo/animal-sniffer-annotations/1.17/animal-sniffer-annotations-1.17.jar:/home/pietro/.m2/repository/io/netty/netty-handler/4.1.36.Final/netty-handler-4.1.36.Final.jar:/home/pietro/.m2/repository/io/netty/netty-common/4.1.36.Final/netty-common-4.1.36.Final.jar:/home/pietro/.m2/repository/io/netty/netty-buffer/4.1.36.Final/netty-buffer-4.1.36.Final.jar:/home/pietro/.m2/repository/io/netty/netty-codec/4.1.36.Final/netty-codec-4.1.36.Final.jar:/home/pietro/.m2/repository/org/slf4j/slf4j-api/1.7.25/slf4j-api-1.7.25.jar:/home/pietro/.m2/repository/org/xmlunit/xmlunit-legacy/2.6.3/xmlunit-legacy-2.6.3.jar:/home/pietro/.m2/repository/org/xmlunit/xmlunit-core/2.6.3/xmlunit-core-2.6.3.jar:/home/pietro/.m2/repository/org/opendaylight/mdsal/mdsal-binding-generator-impl/2.0.4/mdsal-binding-generator-impl-2.0.4.jar:/home/pietro/.m2/repository/org/javassist/javassist/3.24.1-GA/javassist-3.24.1-GA.jar:/home/pietro/.m2/repository/org/opendaylight/yangtools/yang-parser-impl/3.0.4/yang-parser-impl-3.0.4.jar:/home/pietro/.m2/repository/org/opendaylight/yangtools/yang-parser-api/3.0.4/yang-parser-api-3.0.4.jar:/home/pietro/.m2/repository/org/opendaylight/yangtools/yang-parser-reactor/3.0.4/yang-parser-reactor-3.0.4.jar:/home/pietro/.m2/repository/org/opendaylight/yangtools/yang-parser-spi/3.0.4/yang-parser-spi-3.0.4.jar:/home/pietro/.m2/repository/org/opendaylight/yangtools/yang-parser-rfc7950/3.0.4/yang-parser-rfc7950-3.0.4.jar:/home/pietro/.m2/repository/org/opendaylight/yangtools/odlext-model-api/3.0.4/odlext-model-api-3.0.4.jar:/home/pietro/.m2/repository/org/opendaylight/yangtools/odlext-parser-support/3.0.4/odlext-parser-support-3.0.4.jar:/home/pietro/.m2/repository/org/opendaylight/yangtools/openconfig-model-api/3.0.4/openconfig-model-api-3.0.4.jar:/home/pietro/.m2/repository/org/opendaylight/yangtools/openconfig-parser-support/3.0.4/openconfig-parser-support-3.0.4.jar:/home/pietro/.m2/repository/org/opendaylight/yangtools/rfc6241-model-api/1.0.4/rfc6241-model-api-1.0.4.jar:/home/pietro/.m2/repository/org/opendaylight/yangtools/rfc6241-parser-support/1.0.4/rfc6241-parser-support-1.0.4.jar:/home/pietro/.m2/repository/org/opendaylight/yangtools/rfc6536-model-api/3.0.4/rfc6536-model-api-3.0.4.jar:/home/pietro/.m2/repository/org/opendaylight/yangtools/rfc6536-parser-support/3.0.4/rfc6536-parser-support-3.0.4.jar:/home/pietro/.m2/repository/org/opendaylight/yangtools/rfc7952-model-api/3.0.4/rfc7952-model-api-3.0.4.jar:/home/pietro/.m2/repository/org/opendaylight/yangtools/rfc7952-parser-support/3.0.4/rfc7952-parser-support-3.0.4.jar:/home/pietro/.m2/repository/org/opendaylight/yangtools/rfc8040-model-api/3.0.4/rfc8040-model-api-3.0.4.jar:/home/pietro/.m2/repository/org/opendaylight/yangtools/rfc8040-parser-support/3.0.4/rfc8040-parser-support-3.0.4.jar:/home/pietro/.m2/repository/org/opendaylight/yangtools/rfc8528-model-api/3.0.4/rfc8528-model-api-3.0.4.jar:/home/pietro/.m2/repository/org/opendaylight/yangtools/rfc8528-parser-support/3.0.4/rfc8528-parser-support-3.0.4.jar:/home/pietro/.m2/repository/org/opendaylight/mdsal/mdsal-binding-generator-api/2.0.4/mdsal-binding-generator-api-2.0.4.jar:/home/pietro/.m2/repository/org/opendaylight/mdsal/yang-binding/2.0.4/yang-binding-2.0.4.jar:/home/pietro/.m2/repository/org/opendaylight/mdsal/mdsal-binding-generator-util/2.0.4/mdsal-binding-generator-util-2.0.4.jar:/home/pietro/.m2/repository/org/opendaylight/mdsal/mdsal-binding-spec-util/2.0.4/mdsal-binding-spec-util-2.0.4.jar:/home/pietro/.m2/repository/org/opendaylight/yangtools/mockito-configuration/3.0.4/mockito-configuration-3.0.4.jar:/home/pietro/.m2/repository/org/opendaylight/yangtools/yang-model-api/3.0.4/yang-model-api-3.0.4.jar:/home/pietro/.m2/repository/org/opendaylight/yangtools/util/3.0.4/util-3.0.4.jar:/home/pietro/.m2/repository/tech/pantheon/triemap/triemap/1.0.5/triemap-1.0.5.jar:/home/pietro/.m2/repository/org/opendaylight/yangtools/yang-common/3.0.4/yang-common-3.0.4.jar:/home/pietro/.m2/repository/org/opendaylight/yangtools/yang-xpath-api/1.0.4/yang-xpath-api-1.0.4.jar:/home/pietro/.m2/repository/org/opendaylight/yangtools/yang-data-api/3.0.4/yang-data-api-3.0.4.jar:/home/pietro/.m2/repository/org/opendaylight/yangtools/concepts/3.0.4/concepts-3.0.4.jar:/home/pietro/.m2/repository/org/opendaylight/yangtools/yang-data-impl/3.0.4/yang-data-impl-3.0.4.jar:/home/pietro/.m2/repository/org/opendaylight/yangtools/yang-data-util/3.0.4/yang-data-util-3.0.4.jar:/home/pietro/.m2/repository/org/opendaylight/yangtools/rfc8528-data-api/3.0.4/rfc8528-data-api-3.0.4.jar:/home/pietro/.m2/repository/org/opendaylight/yangtools/yang-model-util/3.0.4/yang-model-util-3.0.4.jar:/home/pietro/.m2/repository/org/opendaylight/yangtools/rfc7952-data-util/3.0.4/rfc7952-data-util-3.0.4.jar:/home/pietro/.m2/repository/org/opendaylight/yangtools/rfc8528-data-util/3.0.4/rfc8528-data-util-3.0.4.jar:/home/pietro/.m2/repository/org/antlr/antlr4-runtime/4.7.2/antlr4-runtime-4.7.2.jar:/home/pietro/.m2/repository/javax/xml/bind/jaxb-api/2.2.8/jaxb-api-2.2.8.jar:/home/pietro/.m2/repository/org/opendaylight/yangtools/yang-data-codec-xml/3.0.4/yang-data-codec-xml-3.0.4.jar:/home/pietro/.m2/repository/org/codehaus/woodstox/stax2-api/3.1.4/stax2-api-3.1.4.jar:/home/pietro/.m2/repository/org/opendaylight/yangtools/rfc7952-data-api/3.0.4/rfc7952-data-api-3.0.4.jar:/home/pietro/.m2/repository/org/osgi/org.osgi.compendium/5.0.0/org.osgi.compendium-5.0.0.jar:/home/pietro/.m2/repository/org/eclipse/jdt/org.eclipse.jdt.annotation/2.2.100/org.eclipse.jdt.annotation-2.2.100.jar:/home/pietro/.m2/repository/com/github/spotbugs/spotbugs-annotations/3.1.12/spotbugs-annotations-3.1.12.jar:/home/pietro/.m2/repository/org/slf4j/slf4j-simple/1.7.25/slf4j-simple-1.7.25.jar:/home/pietro/.m2/repository/org/hamcrest/hamcrest/2.1/hamcrest-2.1.jar:/home/pietro/.m2/repository/org/hamcrest/hamcrest-library/2.1/hamcrest-library-2.1.jar:/home/pietro/.m2/repository/org/hamcrest/hamcrest-core/2.1/hamcrest-core-2.1.jar:/home/pietro/.m2/repository/junit/junit/4.11/junit-4.11.jar:/home/pietro/.m2/repository/org/mockito/mockito-core/2.25.1/mockito-core-2.25.1.jar:/home/pietro/.m2/repository/net/bytebuddy/byte-buddy/1.9.7/byte-buddy-1.9.7.jar:/home/pietro/.m2/repository/net/bytebuddy/byte-buddy-agent/1.9.7/byte-buddy-agent-1.9.7.jar:/home/pietro/.m2/repository/org/objenesis/objenesis/2.6/objenesis-2.6.jar:"/>
    <property name="sun.cpu.endian" value="little"/>
    <property name="user.home" value="/home/pietro"/>
    <property name="user.language" value="en"/>
    <property name="java.specification.vendor" value="Oracle Corporation"/>
    <property name="java.home" value="/usr/lib/jvm/java-8-openjdk-amd64/jre"/>
    <property name="basedir" value="/home/pietro/Desktop/netconf_stuff/java/netconf/netconf/netconf-util"/>
    <property name="file.separator" value="/"/>
    <property name="line.separator" value="&#10;"/>
    <property name="java.vm.specification.vendor" value="Oracle Corporation"/>
    <property name="java.specification.name" value="Java Platform API Specification"/>
    <property name="java.awt.graphicsenv" value="sun.awt.X11GraphicsEnvironment"/>
    <property name="surefire.real.class.path" value="/home/pietro/Desktop/netconf_stuff/java/netconf/netconf/netconf-util/target/surefire/surefirebooter7739559700253197735.jar:/home/pietro/.m2/repository/org/jacoco/org.jacoco.agent/0.8.4/org.jacoco.agent-0.8.4-runtime.jar"/>
    <property name="sun.boot.class.path" value="/usr/lib/jvm/java-8-openjdk-amd64/jre/lib/resources.jar:/usr/lib/jvm/java-8-openjdk-amd64/jre/lib/rt.jar:/usr/lib/jvm/java-8-openjdk-amd64/jre/lib/sunrsasign.jar:/usr/lib/jvm/java-8-openjdk-amd64/jre/lib/jsse.jar:/usr/lib/jvm/java-8-openjdk-amd64/jre/lib/jce.jar:/usr/lib/jvm/java-8-openjdk-amd64/jre/lib/charsets.jar:/usr/lib/jvm/java-8-openjdk-amd64/jre/lib/jfr.jar:/usr/lib/jvm/java-8-openjdk-amd64/jre/classes"/>
    <property name="sun.management.compiler" value="HotSpot 64-Bit Tiered Compilers"/>
    <property name="java.runtime.version" value="1.8.0_222-8u222-b10-1ubuntu1~18.04.1-b10"/>
    <property name="user.name" value="pietro"/>
    <property name="path.separator" value=":"/>
    <property name="os.version" value="5.0.0-37-generic"/>
    <property name="java.endorsed.dirs" value="/usr/lib/jvm/java-8-openjdk-amd64/jre/lib/endorsed"/>
    <property name="java.runtime.name" value="OpenJDK Runtime Environment"/>
    <property name="file.encoding" value="UTF-8"/>
    <property name="java.vm.name" value="OpenJDK 64-Bit Server VM"/>
    <property name="localRepository" value="/home/pietro/.m2/repository"/>
    <property name="java.vendor.url.bug" value="http://bugreport.sun.com/bugreport/"/>
    <property name="java.io.tmpdir" value="/tmp"/>
    <property name="java.version" value="1.8.0_222"/>
    <property name="user.dir" value="/home/pietro/Desktop/netconf_stuff/java/netconf/netconf/netconf-util"/>
    <property name="os.arch" value="amd64"/>
    <property name="java.vm.specification.name" value="Java Virtual Machine Specification"/>
    <property name="java.awt.printerjob" value="sun.print.PSPrinterJob"/>
    <property name="sun.os.patch.level" value="unknown"/>
    <property name="java.library.path" value="/usr/java/packages/lib/amd64:/usr/lib/x86_64-linux-gnu/jni:/lib/x86_64-linux-gnu:/usr/lib/x86_64-linux-gnu:/usr/lib/jni:/lib:/usr/lib"/>
    <property name="java.vm.info" value="mixed mode"/>
    <property name="java.vendor" value="Private Build"/>
    <property name="java.vm.version" value="25.222-b10"/>
    <property name="java.ext.dirs" value="/usr/lib/jvm/java-8-openjdk-amd64/jre/lib/ext:/usr/java/packages/lib/ext"/>
    <property name="sun.io.unicode.encoding" value="UnicodeLittle"/>
    <property name="java.class.version" value="52.0"/>
  </properties>
  <testcase name="testFilterNotification[0]" classname="org.opendaylight.netconf.util.messages.SubtreeFilterNotificationTest" time="0.039"/>
  <testcase name="testFilterNotification[1]" classname="org.opendaylight.netconf.util.messages.SubtreeFilterNotificationTest" time="0.056"/>
  <testcase name="testFilterNotification[2]" classname="org.opendaylight.netconf.util.messages.SubtreeFilterNotificationTest" time="0.122"/>
  <testcase name="testFilterNotification[3]" classname="org.opendaylight.netconf.util.messages.SubtreeFilterNotificationTest" time="0.014"/>
  <testcase name="testFilterNotification[4]" classname="org.opendaylight.netconf.util.messages.SubtreeFilterNotificationTest" time="0.049"/>
</testsuite>